<?xml version="1.0" encoding="UTF-8"?>
<!-- Generated by org.testng.reporters.JUnitReportReporter -->
<testsuite hostname="admins-MacBook-Pro.local" failures="0" tests="2" name="tests.onBoarding.OnboardingTest" time="123.845" errors="0" timestamp="10 мая 2023 17:43:19 GMT" skipped="0">
  <testcase classname="tests.onBoarding.OnboardingTest" name="sendAssetToAnotherWallet" time="54.961"/>
  <testcase classname="tests.onBoarding.OnboardingTest" name="sendlet" time="68.884"/>
</testsuite> <!-- tests.onBoarding.OnboardingTest -->
